# This is the CMakeCache file.
# For build in directory: /Users/alexiprof/opt/userver/conan/test_package/build/Release
# It was generated by CMake: /usr/local/Cellar/cmake/3.26.3/bin/cmake
# You can edit this file to change values found and used by cmake.
# If you do not want to change any of the values, simply exit the editor.
# If you do want to change a value, simply edit, save, and exit the editor.
# The syntax for the file is as follows:
# KEY:TYPE=VALUE
# KEY is the name of a variable in the cache.
# TYPE is a hint to GUIs for the type of VALUE, DO NOT EDIT TYPE!.
# VALUE is the current value for the KEY.

########################
# EXTERNAL cache entries
########################

//Build the testing tree.
BUILD_TESTING:BOOL=ON

//The directory containing a CMake configuration file for BZip2.
BZip2_DIR:PATH=/Users/alexiprof/opt/userver/conan/test_package/build/Release/generators

//The directory containing a CMake configuration file for Boost.
Boost_DIR:PATH=/Users/alexiprof/opt/userver/conan/test_package/build/Release/generators

//Path to a program.
CMAKE_ADDR2LINE:FILEPATH=CMAKE_ADDR2LINE-NOTFOUND

//Path to a program.
CMAKE_AR:FILEPATH=/Library/Developer/CommandLineTools/usr/bin/ar

//Choose the type of build, options are: None Debug Release RelWithDebInfo
// MinSizeRel ...
CMAKE_BUILD_TYPE:STRING=Release

//Enable/Disable color output during build.
CMAKE_COLOR_MAKEFILE:BOOL=ON

//CXX compiler
CMAKE_CXX_COMPILER:FILEPATH=/Library/Developer/CommandLineTools/usr/bin/c++

//Flags used by the CXX compiler during all build types.
CMAKE_CXX_FLAGS:STRING=-m64 -stdlib=libc++

//Flags used by the CXX compiler during DEBUG builds.
CMAKE_CXX_FLAGS_DEBUG:STRING=-g

//Flags used by the CXX compiler during MINSIZEREL builds.
CMAKE_CXX_FLAGS_MINSIZEREL:STRING=-Os -DNDEBUG

//Flags used by the CXX compiler during RELEASE builds.
CMAKE_CXX_FLAGS_RELEASE:STRING=-O3 -DNDEBUG

//Flags used by the CXX compiler during RELWITHDEBINFO builds.
CMAKE_CXX_FLAGS_RELWITHDEBINFO:STRING=-O2 -g -DNDEBUG

//Path to a program.
CMAKE_DLLTOOL:FILEPATH=CMAKE_DLLTOOL-NOTFOUND

//Flags used by the linker during all build types.
CMAKE_EXE_LINKER_FLAGS:STRING=-m64

//Flags used by the linker during DEBUG builds.
CMAKE_EXE_LINKER_FLAGS_DEBUG:STRING=

//Flags used by the linker during MINSIZEREL builds.
CMAKE_EXE_LINKER_FLAGS_MINSIZEREL:STRING=

//Flags used by the linker during RELEASE builds.
CMAKE_EXE_LINKER_FLAGS_RELEASE:STRING=

//Flags used by the linker during RELWITHDEBINFO builds.
CMAKE_EXE_LINKER_FLAGS_RELWITHDEBINFO:STRING=

//Enable/Disable output of compile commands during generation.
CMAKE_EXPORT_COMPILE_COMMANDS:BOOL=

//Value Computed by CMake.
CMAKE_FIND_PACKAGE_REDIRECTS_DIR:STATIC=/Users/alexiprof/opt/userver/conan/test_package/build/Release/CMakeFiles/pkgRedirects

//Path to a program.
CMAKE_INSTALL_NAME_TOOL:FILEPATH=/usr/bin/install_name_tool

//Install path prefix, prepended onto install directories.
CMAKE_INSTALL_PREFIX:PATH=/usr/local

//Path to a program.
CMAKE_LINKER:FILEPATH=/Library/Developer/CommandLineTools/usr/bin/ld

//Path to a program.
CMAKE_MAKE_PROGRAM:FILEPATH=/usr/bin/make

//Flags used by the linker during the creation of modules during
// all build types.
CMAKE_MODULE_LINKER_FLAGS:STRING=

//Flags used by the linker during the creation of modules during
// DEBUG builds.
CMAKE_MODULE_LINKER_FLAGS_DEBUG:STRING=

//Flags used by the linker during the creation of modules during
// MINSIZEREL builds.
CMAKE_MODULE_LINKER_FLAGS_MINSIZEREL:STRING=

//Flags used by the linker during the creation of modules during
// RELEASE builds.
CMAKE_MODULE_LINKER_FLAGS_RELEASE:STRING=

//Flags used by the linker during the creation of modules during
// RELWITHDEBINFO builds.
CMAKE_MODULE_LINKER_FLAGS_RELWITHDEBINFO:STRING=

//Path to a program.
CMAKE_NM:FILEPATH=/Library/Developer/CommandLineTools/usr/bin/nm

//Path to a program.
CMAKE_OBJCOPY:FILEPATH=CMAKE_OBJCOPY-NOTFOUND

//Path to a program.
CMAKE_OBJDUMP:FILEPATH=/Library/Developer/CommandLineTools/usr/bin/objdump

CMAKE_OSX_ARCHITECTURES:STRING=x86_64

//Minimum OS X version to target for deployment (at runtime); newer
// APIs weak linked. Set to empty string for default value.
CMAKE_OSX_DEPLOYMENT_TARGET:STRING=

CMAKE_OSX_SYSROOT:STRING=macosx

//No help, variable specified on the command line.
CMAKE_POLICY_DEFAULT_CMP0091:UNINITIALIZED=NEW

//Value Computed by CMake
CMAKE_PROJECT_DESCRIPTION:STATIC=

//Value Computed by CMake
CMAKE_PROJECT_HOMEPAGE_URL:STATIC=

//Value Computed by CMake
CMAKE_PROJECT_NAME:STATIC=PackageTest

//Path to a program.
CMAKE_RANLIB:FILEPATH=/Library/Developer/CommandLineTools/usr/bin/ranlib

//Path to a program.
CMAKE_READELF:FILEPATH=CMAKE_READELF-NOTFOUND

//Flags used by the linker during the creation of shared libraries
// during all build types.
CMAKE_SHARED_LINKER_FLAGS:STRING=-m64

//Flags used by the linker during the creation of shared libraries
// during DEBUG builds.
CMAKE_SHARED_LINKER_FLAGS_DEBUG:STRING=

//Flags used by the linker during the creation of shared libraries
// during MINSIZEREL builds.
CMAKE_SHARED_LINKER_FLAGS_MINSIZEREL:STRING=

//Flags used by the linker during the creation of shared libraries
// during RELEASE builds.
CMAKE_SHARED_LINKER_FLAGS_RELEASE:STRING=

//Flags used by the linker during the creation of shared libraries
// during RELWITHDEBINFO builds.
CMAKE_SHARED_LINKER_FLAGS_RELWITHDEBINFO:STRING=

//If set, runtime paths are not added when installing shared libraries,
// but are added when building.
CMAKE_SKIP_INSTALL_RPATH:BOOL=NO

//If set, runtime paths are not added when using shared libraries.
CMAKE_SKIP_RPATH:BOOL=NO

//Flags used by the linker during the creation of static libraries
// during all build types.
CMAKE_STATIC_LINKER_FLAGS:STRING=

//Flags used by the linker during the creation of static libraries
// during DEBUG builds.
CMAKE_STATIC_LINKER_FLAGS_DEBUG:STRING=

//Flags used by the linker during the creation of static libraries
// during MINSIZEREL builds.
CMAKE_STATIC_LINKER_FLAGS_MINSIZEREL:STRING=

//Flags used by the linker during the creation of static libraries
// during RELEASE builds.
CMAKE_STATIC_LINKER_FLAGS_RELEASE:STRING=

//Flags used by the linker during the creation of static libraries
// during RELWITHDEBINFO builds.
CMAKE_STATIC_LINKER_FLAGS_RELWITHDEBINFO:STRING=

//Path to a program.
CMAKE_STRIP:FILEPATH=/Library/Developer/CommandLineTools/usr/bin/strip

//No help, variable specified on the command line.
CMAKE_TOOLCHAIN_FILE:UNINITIALIZED=/Users/alexiprof/opt/userver/conan/test_package/build/Release/generators/conan_toolchain.cmake

//If this value is on, makefiles will be generated without the
// .SILENT directive, and all commands will be echoed to the console
// during the make.  This is useful for debugging only. With Visual
// Studio IDE projects all commands are done without /nologo.
CMAKE_VERBOSE_MAKEFILE:BOOL=FALSE

//Path to a library.
CONAN_FRAMEWORK_CoreFoundation_FOUND:FILEPATH=/Library/Developer/CommandLineTools/SDKs/MacOSX.sdk/System/Library/Frameworks/CoreFoundation.framework

//Path to a library.
CONAN_FRAMEWORK_Security_FOUND:FILEPATH=/Library/Developer/CommandLineTools/SDKs/MacOSX.sdk/System/Library/Frameworks/Security.framework

//Path to a library.
CONAN_FRAMEWORK_SystemConfiguration_FOUND:FILEPATH=/Library/Developer/CommandLineTools/SDKs/MacOSX.sdk/System/Library/Frameworks/SystemConfiguration.framework

//Path to the coverage program that CTest uses for performing coverage
// inspection
COVERAGE_COMMAND:FILEPATH=/usr/bin/gcov

//Extra command line flags to pass to the coverage tool
COVERAGE_EXTRA_FLAGS:STRING=-l

//How many times to retry timed-out CTest submissions.
CTEST_SUBMIT_RETRY_COUNT:STRING=3

//How long to wait between timed-out CTest submissions.
CTEST_SUBMIT_RETRY_DELAY:STRING=5

//The directory containing a CMake configuration file for CURL.
CURL_DIR:PATH=/Users/alexiprof/opt/userver/conan/test_package/build/Release/generators

//Maximum time allowed before CTest will kill the test.
DART_TESTING_TIMEOUT:STRING=1500

//Path to a program.
GRPC_CPP_PLUGIN_PROGRAM:FILEPATH=/Users/alexiprof/.conan/data/grpc/1.48.0/_/_/package/747f375e854e326b233e80494b3c63476474d77a/bin/grpc_cpp_plugin

//Path to a program.
GRPC_CSHARP_PLUGIN_PROGRAM:FILEPATH=/Users/alexiprof/.conan/data/grpc/1.48.0/_/_/package/747f375e854e326b233e80494b3c63476474d77a/bin/grpc_csharp_plugin

//Path to a program.
GRPC_NODE_PLUGIN_PROGRAM:FILEPATH=/Users/alexiprof/.conan/data/grpc/1.48.0/_/_/package/747f375e854e326b233e80494b3c63476474d77a/bin/grpc_node_plugin

//Path to a program.
GRPC_OBJECTIVE_C_PLUGIN_PROGRAM:FILEPATH=/Users/alexiprof/.conan/data/grpc/1.48.0/_/_/package/747f375e854e326b233e80494b3c63476474d77a/bin/grpc_objective_c_plugin

//Path to a program.
GRPC_PHP_PLUGIN_PROGRAM:FILEPATH=/Users/alexiprof/.conan/data/grpc/1.48.0/_/_/package/747f375e854e326b233e80494b3c63476474d77a/bin/grpc_php_plugin

//Path to a program.
GRPC_PYTHON_PLUGIN_PROGRAM:FILEPATH=/Users/alexiprof/.conan/data/grpc/1.48.0/_/_/package/747f375e854e326b233e80494b3c63476474d77a/bin/grpc_python_plugin

//Path to a program.
GRPC_RUBY_PLUGIN_PROGRAM:FILEPATH=/Users/alexiprof/.conan/data/grpc/1.48.0/_/_/package/747f375e854e326b233e80494b3c63476474d77a/bin/grpc_ruby_plugin

//The directory containing a CMake configuration file for GTest.
GTest_DIR:PATH=/Users/alexiprof/opt/userver/conan/test_package/build/Release/generators

//The directory containing a CMake configuration file for ICU.
ICU_DIR:PATH=/Users/alexiprof/opt/userver/conan/test_package/build/Release/generators

//The directory containing a CMake configuration file for Iconv.
Iconv_DIR:PATH=/Users/alexiprof/opt/userver/conan/test_package/build/Release/generators

//Command to build the project
MAKECOMMAND:STRING=/usr/local/Cellar/cmake/3.26.3/bin/cmake --build . --config "${CTEST_CONFIGURATION_TYPE}" -- -i

//Path to the memory checking command, used for memory error detection.
MEMORYCHECK_COMMAND:FILEPATH=MEMORYCHECK_COMMAND-NOTFOUND

//File that contains suppressions for the memory checker
MEMORYCHECK_SUPPRESSIONS_FILE:FILEPATH=

//The directory containing a CMake configuration file for OpenSSL.
OpenSSL_DIR:PATH=/Users/alexiprof/opt/userver/conan/test_package/build/Release/generators

//Value Computed by CMake
PackageTest_BINARY_DIR:STATIC=/Users/alexiprof/opt/userver/conan/test_package/build/Release

//Value Computed by CMake
PackageTest_IS_TOP_LEVEL:STATIC=ON

//Value Computed by CMake
PackageTest_SOURCE_DIR:STATIC=/Users/alexiprof/opt/userver/conan/test_package

//The directory containing a CMake configuration file for PostgreSQL.
PostgreSQL_DIR:PATH=/Users/alexiprof/opt/userver/conan/test_package/build/Release/generators

//The protoc compiler
Protobuf_PROTOC_EXECUTABLE:FILEPATH=/Users/alexiprof/.conan/data/protobuf/3.21.4/_/_/package/8264a6a82f1a58ddbf1d543f69f549b8e37e8e6a/bin/protoc

//The directory containing a CMake configuration file for PythonDev.
PythonDev_DIR:PATH=PythonDev_DIR-NOTFOUND

//Name of the computer/site where compile is being run
SITE:STRING=alexiprof-osx

//The directory containing a CMake configuration file for Snappy.
Snappy_DIR:PATH=/Users/alexiprof/opt/userver/conan/test_package/build/Release/generators

//Enable functional tests via testsuite
USERVER_FEATURE_TESTSUITE:BOOL=ON

//The directory containing a CMake configuration file for ZLIB.
ZLIB_DIR:PATH=/Users/alexiprof/opt/userver/conan/test_package/build/Release/generators

//The directory containing a CMake configuration file for absl.
absl_DIR:PATH=/Users/alexiprof/opt/userver/conan/test_package/build/Release/generators

//The directory containing a CMake configuration file for amqpcpp.
amqpcpp_DIR:PATH=/Users/alexiprof/opt/userver/conan/test_package/build/Release/generators

//The directory containing a CMake configuration file for benchmark.
benchmark_DIR:PATH=/Users/alexiprof/opt/userver/conan/test_package/build/Release/generators

//The directory containing a CMake configuration file for c-ares.
c-ares_DIR:PATH=/Users/alexiprof/opt/userver/conan/test_package/build/Release/generators

//The directory containing a CMake configuration file for cctz.
cctz_DIR:PATH=/Users/alexiprof/opt/userver/conan/test_package/build/Release/generators

//The directory containing a CMake configuration file for concurrentqueue.
concurrentqueue_DIR:PATH=/Users/alexiprof/opt/userver/conan/test_package/build/Release/generators

//The directory containing a CMake configuration file for cryptopp.
cryptopp_DIR:PATH=/Users/alexiprof/opt/userver/conan/test_package/build/Release/generators

//The directory containing a CMake configuration file for cyrus-sasl.
cyrus-sasl_DIR:PATH=/Users/alexiprof/opt/userver/conan/test_package/build/Release/generators

//The directory containing a CMake configuration file for fmt.
fmt_DIR:PATH=/Users/alexiprof/opt/userver/conan/test_package/build/Release/generators

//The directory containing a CMake configuration file for gRPC.
gRPC_DIR:PATH=/Users/alexiprof/opt/userver/conan/test_package/build/Release/generators

//The directory containing a CMake configuration file for googleapis.
googleapis_DIR:PATH=/Users/alexiprof/opt/userver/conan/test_package/build/Release/generators

//The directory containing a CMake configuration file for grpc-proto.
grpc-proto_DIR:PATH=/Users/alexiprof/opt/userver/conan/test_package/build/Release/generators

//The directory containing a CMake configuration file for hiredis.
hiredis_DIR:PATH=/Users/alexiprof/opt/userver/conan/test_package/build/Release/generators

//The directory containing a CMake configuration file for http_parser.
http_parser_DIR:PATH=/Users/alexiprof/opt/userver/conan/test_package/build/Release/generators

//The directory containing a CMake configuration file for jemalloc.
jemalloc_DIR:PATH=/Users/alexiprof/opt/userver/conan/test_package/build/Release/generators

//The directory containing a CMake configuration file for libbacktrace.
libbacktrace_DIR:PATH=/Users/alexiprof/opt/userver/conan/test_package/build/Release/generators

//The directory containing a CMake configuration file for libev.
libev_DIR:PATH=/Users/alexiprof/opt/userver/conan/test_package/build/Release/generators

//The directory containing a CMake configuration file for mongoc-1.0.
mongoc-1.0_DIR:PATH=/Users/alexiprof/opt/userver/conan/test_package/build/Release/generators

//The directory containing a CMake configuration file for protobuf.
protobuf_DIR:PATH=/Users/alexiprof/opt/userver/conan/test_package/build/Release/generators

//CMake built-in FindProtobuf.cmake module compatible
protobuf_MODULE_COMPATIBLE:BOOL=OFF

//Enable for verbose output
protobuf_VERBOSE:BOOL=OFF

//The directory containing a CMake configuration file for re2.
re2_DIR:PATH=/Users/alexiprof/opt/userver/conan/test_package/build/Release/generators

//The directory containing a CMake configuration file for userver.
userver_DIR:PATH=/Users/alexiprof/opt/userver/conan/test_package/build/Release/generators

//The directory containing a CMake configuration file for yaml-cpp.
yaml-cpp_DIR:PATH=/Users/alexiprof/opt/userver/conan/test_package/build/Release/generators

//The directory containing a CMake configuration file for zstd.
zstd_DIR:PATH=/Users/alexiprof/opt/userver/conan/test_package/build/Release/generators


########################
# INTERNAL cache entries
########################

//ADVANCED property for variable: CMAKE_ADDR2LINE
CMAKE_ADDR2LINE-ADVANCED:INTERNAL=1
//ADVANCED property for variable: CMAKE_AR
CMAKE_AR-ADVANCED:INTERNAL=1
//This is the directory where this CMakeCache.txt was created
CMAKE_CACHEFILE_DIR:INTERNAL=/Users/alexiprof/opt/userver/conan/test_package/build/Release
//Major version of cmake used to create the current loaded cache
CMAKE_CACHE_MAJOR_VERSION:INTERNAL=3
//Minor version of cmake used to create the current loaded cache
CMAKE_CACHE_MINOR_VERSION:INTERNAL=26
//Patch version of cmake used to create the current loaded cache
CMAKE_CACHE_PATCH_VERSION:INTERNAL=3
//ADVANCED property for variable: CMAKE_COLOR_MAKEFILE
CMAKE_COLOR_MAKEFILE-ADVANCED:INTERNAL=1
//Path to CMake executable.
CMAKE_COMMAND:INTERNAL=/usr/local/Cellar/cmake/3.26.3/bin/cmake
//Path to cpack program executable.
CMAKE_CPACK_COMMAND:INTERNAL=/usr/local/Cellar/cmake/3.26.3/bin/cpack
//ADVANCED property for variable: CMAKE_CTEST_COMMAND
CMAKE_CTEST_COMMAND-ADVANCED:INTERNAL=1
//Path to ctest program executable.
CMAKE_CTEST_COMMAND:INTERNAL=/usr/local/Cellar/cmake/3.26.3/bin/ctest
//ADVANCED property for variable: CMAKE_CXX_COMPILER
CMAKE_CXX_COMPILER-ADVANCED:INTERNAL=1
//ADVANCED property for variable: CMAKE_CXX_FLAGS
CMAKE_CXX_FLAGS-ADVANCED:INTERNAL=1
//ADVANCED property for variable: CMAKE_CXX_FLAGS_DEBUG
CMAKE_CXX_FLAGS_DEBUG-ADVANCED:INTERNAL=1
//ADVANCED property for variable: CMAKE_CXX_FLAGS_MINSIZEREL
CMAKE_CXX_FLAGS_MINSIZEREL-ADVANCED:INTERNAL=1
//ADVANCED property for variable: CMAKE_CXX_FLAGS_RELEASE
CMAKE_CXX_FLAGS_RELEASE-ADVANCED:INTERNAL=1
//ADVANCED property for variable: CMAKE_CXX_FLAGS_RELWITHDEBINFO
CMAKE_CXX_FLAGS_RELWITHDEBINFO-ADVANCED:INTERNAL=1
//ADVANCED property for variable: CMAKE_DLLTOOL
CMAKE_DLLTOOL-ADVANCED:INTERNAL=1
//Path to cache edit program executable.
CMAKE_EDIT_COMMAND:INTERNAL=/usr/local/Cellar/cmake/3.26.3/bin/ccmake
//Executable file format
CMAKE_EXECUTABLE_FORMAT:INTERNAL=MACHO
//ADVANCED property for variable: CMAKE_EXE_LINKER_FLAGS
CMAKE_EXE_LINKER_FLAGS-ADVANCED:INTERNAL=1
//ADVANCED property for variable: CMAKE_EXE_LINKER_FLAGS_DEBUG
CMAKE_EXE_LINKER_FLAGS_DEBUG-ADVANCED:INTERNAL=1
//ADVANCED property for variable: CMAKE_EXE_LINKER_FLAGS_MINSIZEREL
CMAKE_EXE_LINKER_FLAGS_MINSIZEREL-ADVANCED:INTERNAL=1
//ADVANCED property for variable: CMAKE_EXE_LINKER_FLAGS_RELEASE
CMAKE_EXE_LINKER_FLAGS_RELEASE-ADVANCED:INTERNAL=1
//ADVANCED property for variable: CMAKE_EXE_LINKER_FLAGS_RELWITHDEBINFO
CMAKE_EXE_LINKER_FLAGS_RELWITHDEBINFO-ADVANCED:INTERNAL=1
//ADVANCED property for variable: CMAKE_EXPORT_COMPILE_COMMANDS
CMAKE_EXPORT_COMPILE_COMMANDS-ADVANCED:INTERNAL=1
//Name of external makefile project generator.
CMAKE_EXTRA_GENERATOR:INTERNAL=
//Name of generator.
CMAKE_GENERATOR:INTERNAL=Unix Makefiles
//Generator instance identifier.
CMAKE_GENERATOR_INSTANCE:INTERNAL=
//Name of generator platform.
CMAKE_GENERATOR_PLATFORM:INTERNAL=
//Name of generator toolset.
CMAKE_GENERATOR_TOOLSET:INTERNAL=
//Source directory with the top level CMakeLists.txt file for this
// project
CMAKE_HOME_DIRECTORY:INTERNAL=/Users/alexiprof/opt/userver/conan/test_package
//ADVANCED property for variable: CMAKE_INSTALL_NAME_TOOL
CMAKE_INSTALL_NAME_TOOL-ADVANCED:INTERNAL=1
//ADVANCED property for variable: CMAKE_LINKER
CMAKE_LINKER-ADVANCED:INTERNAL=1
//ADVANCED property for variable: CMAKE_MAKE_PROGRAM
CMAKE_MAKE_PROGRAM-ADVANCED:INTERNAL=1
//ADVANCED property for variable: CMAKE_MODULE_LINKER_FLAGS
CMAKE_MODULE_LINKER_FLAGS-ADVANCED:INTERNAL=1
//ADVANCED property for variable: CMAKE_MODULE_LINKER_FLAGS_DEBUG
CMAKE_MODULE_LINKER_FLAGS_DEBUG-ADVANCED:INTERNAL=1
//ADVANCED property for variable: CMAKE_MODULE_LINKER_FLAGS_MINSIZEREL
CMAKE_MODULE_LINKER_FLAGS_MINSIZEREL-ADVANCED:INTERNAL=1
//ADVANCED property for variable: CMAKE_MODULE_LINKER_FLAGS_RELEASE
CMAKE_MODULE_LINKER_FLAGS_RELEASE-ADVANCED:INTERNAL=1
//ADVANCED property for variable: CMAKE_MODULE_LINKER_FLAGS_RELWITHDEBINFO
CMAKE_MODULE_LINKER_FLAGS_RELWITHDEBINFO-ADVANCED:INTERNAL=1
//ADVANCED property for variable: CMAKE_NM
CMAKE_NM-ADVANCED:INTERNAL=1
//number of local generators
CMAKE_NUMBER_OF_MAKEFILES:INTERNAL=1
//ADVANCED property for variable: CMAKE_OBJCOPY
CMAKE_OBJCOPY-ADVANCED:INTERNAL=1
//ADVANCED property for variable: CMAKE_OBJDUMP
CMAKE_OBJDUMP-ADVANCED:INTERNAL=1
//Platform information initialized
CMAKE_PLATFORM_INFO_INITIALIZED:INTERNAL=1
//ADVANCED property for variable: CMAKE_RANLIB
CMAKE_RANLIB-ADVANCED:INTERNAL=1
//ADVANCED property for variable: CMAKE_READELF
CMAKE_READELF-ADVANCED:INTERNAL=1
//Path to CMake installation.
CMAKE_ROOT:INTERNAL=/usr/local/Cellar/cmake/3.26.3/share/cmake
//ADVANCED property for variable: CMAKE_SHARED_LINKER_FLAGS
CMAKE_SHARED_LINKER_FLAGS-ADVANCED:INTERNAL=1
//ADVANCED property for variable: CMAKE_SHARED_LINKER_FLAGS_DEBUG
CMAKE_SHARED_LINKER_FLAGS_DEBUG-ADVANCED:INTERNAL=1
//ADVANCED property for variable: CMAKE_SHARED_LINKER_FLAGS_MINSIZEREL
CMAKE_SHARED_LINKER_FLAGS_MINSIZEREL-ADVANCED:INTERNAL=1
//ADVANCED property for variable: CMAKE_SHARED_LINKER_FLAGS_RELEASE
CMAKE_SHARED_LINKER_FLAGS_RELEASE-ADVANCED:INTERNAL=1
//ADVANCED property for variable: CMAKE_SHARED_LINKER_FLAGS_RELWITHDEBINFO
CMAKE_SHARED_LINKER_FLAGS_RELWITHDEBINFO-ADVANCED:INTERNAL=1
//ADVANCED property for variable: CMAKE_SKIP_INSTALL_RPATH
CMAKE_SKIP_INSTALL_RPATH-ADVANCED:INTERNAL=1
//ADVANCED property for variable: CMAKE_SKIP_RPATH
CMAKE_SKIP_RPATH-ADVANCED:INTERNAL=1
//ADVANCED property for variable: CMAKE_STATIC_LINKER_FLAGS
CMAKE_STATIC_LINKER_FLAGS-ADVANCED:INTERNAL=1
//ADVANCED property for variable: CMAKE_STATIC_LINKER_FLAGS_DEBUG
CMAKE_STATIC_LINKER_FLAGS_DEBUG-ADVANCED:INTERNAL=1
//ADVANCED property for variable: CMAKE_STATIC_LINKER_FLAGS_MINSIZEREL
CMAKE_STATIC_LINKER_FLAGS_MINSIZEREL-ADVANCED:INTERNAL=1
//ADVANCED property for variable: CMAKE_STATIC_LINKER_FLAGS_RELEASE
CMAKE_STATIC_LINKER_FLAGS_RELEASE-ADVANCED:INTERNAL=1
//ADVANCED property for variable: CMAKE_STATIC_LINKER_FLAGS_RELWITHDEBINFO
CMAKE_STATIC_LINKER_FLAGS_RELWITHDEBINFO-ADVANCED:INTERNAL=1
//ADVANCED property for variable: CMAKE_STRIP
CMAKE_STRIP-ADVANCED:INTERNAL=1
//uname command
CMAKE_UNAME:INTERNAL=/usr/bin/uname
//ADVANCED property for variable: CMAKE_VERBOSE_MAKEFILE
CMAKE_VERBOSE_MAKEFILE-ADVANCED:INTERNAL=1
//ADVANCED property for variable: COVERAGE_COMMAND
COVERAGE_COMMAND-ADVANCED:INTERNAL=1
//ADVANCED property for variable: COVERAGE_EXTRA_FLAGS
COVERAGE_EXTRA_FLAGS-ADVANCED:INTERNAL=1
//ADVANCED property for variable: CTEST_SUBMIT_RETRY_COUNT
CTEST_SUBMIT_RETRY_COUNT-ADVANCED:INTERNAL=1
//ADVANCED property for variable: CTEST_SUBMIT_RETRY_DELAY
CTEST_SUBMIT_RETRY_DELAY-ADVANCED:INTERNAL=1
//ADVANCED property for variable: DART_TESTING_TIMEOUT
DART_TESTING_TIMEOUT-ADVANCED:INTERNAL=1
//Details about finding Python
FIND_PACKAGE_MESSAGE_DETAILS_Python:INTERNAL=[/Library/Frameworks/Python.framework/Versions/3.11/bin/python3.11][cfound components: Interpreter ][v3.11.3()]
//ADVANCED property for variable: MAKECOMMAND
MAKECOMMAND-ADVANCED:INTERNAL=1
//ADVANCED property for variable: MEMORYCHECK_COMMAND
MEMORYCHECK_COMMAND-ADVANCED:INTERNAL=1
//ADVANCED property for variable: MEMORYCHECK_SUPPRESSIONS_FILE
MEMORYCHECK_SUPPRESSIONS_FILE-ADVANCED:INTERNAL=1
//ADVANCED property for variable: SITE
SITE-ADVANCED:INTERNAL=1
//Compiler reason failure
_Python_Compiler_REASON_FAILURE:INTERNAL=
//Development reason failure
_Python_Development_REASON_FAILURE:INTERNAL=
//Path to a program.
_Python_EXECUTABLE:INTERNAL=/Library/Frameworks/Python.framework/Versions/3.11/bin/python3.11
//Python Properties
_Python_INTERPRETER_PROPERTIES:INTERNAL=Python;3;11;3;64;;cpython-311-darwin;abi3;/Library/Frameworks/Python.framework/Versions/3.11/lib/python3.11;/Library/Frameworks/Python.framework/Versions/3.11/lib/python3.11;/Library/Frameworks/Python.framework/Versions/3.11/lib/python3.11/site-packages;/Library/Frameworks/Python.framework/Versions/3.11/lib/python3.11/site-packages
_Python_INTERPRETER_SIGNATURE:INTERNAL=16af98a70dcdf7b11ba7bd79a89c931f
//Interpreter reason failure
_Python_Interpreter_REASON_FAILURE:INTERNAL=
//NumPy reason failure
_Python_NumPy_REASON_FAILURE:INTERNAL=
//ADVANCED property for variable: protobuf_MODULE_COMPATIBLE
protobuf_MODULE_COMPATIBLE-ADVANCED:INTERNAL=1
//ADVANCED property for variable: protobuf_VERBOSE
protobuf_VERBOSE-ADVANCED:INTERNAL=1

